Analysis & Synthesis report for parte4
Mon Sep 16 20:18:13 2024
Quartus Prime Version 21.1.0 Build 842 10/21/2021 SJ Lite Edition


---------------------
; Table of Contents ;
---------------------
  1. Legal Notice
  2. Analysis & Synthesis Summary
  3. Analysis & Synthesis Settings
  4. Parallel Compilation
  5. Analysis & Synthesis Source Files Read
  6. Analysis & Synthesis Resource Usage Summary
  7. Analysis & Synthesis Resource Utilization by Entity
  8. Registers Removed During Synthesis
  9. Removed Registers Triggering Further Register Optimizations
 10. General Register Statistics
 11. Post-Synthesis Netlist Statistics for Top Partition
 12. Elapsed Time Per Partition
 13. Analysis & Synthesis Messages



----------------
; Legal Notice ;
----------------
Copyright (C) 2021  Intel Corporation. All rights reserved.
Your use of Intel Corporation's design tools, logic functions 
and other software and tools, and any partner logic 
functions, and any output files from any of the foregoing 
(including device programming or simulation files), and any 
associated documentation or information are expressly subject 
to the terms and conditions of the Intel Program License 
Subscription Agreement, the Intel Quartus Prime License Agreement,
the Intel FPGA IP License Agreement, or other applicable license
agreement, including, without limitation, that your use is for
the sole purpose of programming logic devices manufactured by
Intel and sold by Intel or its authorized distributors.  Please
refer to the applicable agreement for further details, at
https://fpgasoftware.intel.com/eula.



+-------------------------------------------------------------------------------+
; Analysis & Synthesis Summary                                                  ;
+---------------------------------+---------------------------------------------+
; Analysis & Synthesis Status     ; Successful - Mon Sep 16 20:18:13 2024       ;
; Quartus Prime Version           ; 21.1.0 Build 842 10/21/2021 SJ Lite Edition ;
; Revision Name                   ; parte4                                      ;
; Top-level Entity Name           ; parte4                                      ;
; Family                          ; Cyclone V                                   ;
; Logic utilization (in ALMs)     ; N/A                                         ;
; Total registers                 ; 48                                          ;
; Total pins                      ; 30                                          ;
; Total virtual pins              ; 0                                           ;
; Total block memory bits         ; 0                                           ;
; Total DSP Blocks                ; 0                                           ;
; Total HSSI RX PCSs              ; 0                                           ;
; Total HSSI PMA RX Deserializers ; 0                                           ;
; Total HSSI TX PCSs              ; 0                                           ;
; Total HSSI PMA TX Serializers   ; 0                                           ;
; Total PLLs                      ; 0                                           ;
; Total DLLs                      ; 0                                           ;
+---------------------------------+---------------------------------------------+


+---------------------------------------------------------------------------------------------------------------------------+
; Analysis & Synthesis Settings                                                                                             ;
+---------------------------------------------------------------------------------+--------------------+--------------------+
; Option                                                                          ; Setting            ; Default Value      ;
+---------------------------------------------------------------------------------+--------------------+--------------------+
; Device                                                                          ; 5CEBA4F23C7        ;                    ;
; Top-level entity name                                                           ; parte4             ; parte4             ;
; Family name                                                                     ; Cyclone V          ; Cyclone V          ;
; Use smart compilation                                                           ; Off                ; Off                ;
; Enable parallel Assembler and Timing Analyzer during compilation                ; On                 ; On                 ;
; Enable compact report table                                                     ; Off                ; Off                ;
; Restructure Multiplexers                                                        ; Auto               ; Auto               ;
; MLAB Add Timing Constraints For Mixed-Port Feed-Through Mode Setting Don't Care ; Off                ; Off                ;
; Create Debugging Nodes for IP Cores                                             ; Off                ; Off                ;
; Preserve fewer node names                                                       ; On                 ; On                 ;
; Intel FPGA IP Evaluation Mode                                                   ; Enable             ; Enable             ;
; Verilog Version                                                                 ; Verilog_2001       ; Verilog_2001       ;
; VHDL Version                                                                    ; VHDL_1993          ; VHDL_1993          ;
; State Machine Processing                                                        ; Auto               ; Auto               ;
; Safe State Machine                                                              ; Off                ; Off                ;
; Extract Verilog State Machines                                                  ; On                 ; On                 ;
; Extract VHDL State Machines                                                     ; On                 ; On                 ;
; Ignore Verilog initial constructs                                               ; Off                ; Off                ;
; Iteration limit for constant Verilog loops                                      ; 5000               ; 5000               ;
; Iteration limit for non-constant Verilog loops                                  ; 250                ; 250                ;
; Add Pass-Through Logic to Inferred RAMs                                         ; On                 ; On                 ;
; Infer RAMs from Raw Logic                                                       ; On                 ; On                 ;
; Parallel Synthesis                                                              ; On                 ; On                 ;
; DSP Block Balancing                                                             ; Auto               ; Auto               ;
; NOT Gate Push-Back                                                              ; On                 ; On                 ;
; Power-Up Don't Care                                                             ; On                 ; On                 ;
; Remove Redundant Logic Cells                                                    ; Off                ; Off                ;
; Remove Duplicate Registers                                                      ; On                 ; On                 ;
; Ignore CARRY Buffers                                                            ; Off                ; Off                ;
; Ignore CASCADE Buffers                                                          ; Off                ; Off                ;
; Ignore GLOBAL Buffers                                                           ; Off                ; Off                ;
; Ignore ROW GLOBAL Buffers                                                       ; Off                ; Off                ;
; Ignore LCELL Buffers                                                            ; Off                ; Off                ;
; Ignore SOFT Buffers                                                             ; On                 ; On                 ;
; Limit AHDL Integers to 32 Bits                                                  ; Off                ; Off                ;
; Optimization Technique                                                          ; Balanced           ; Balanced           ;
; Carry Chain Length                                                              ; 70                 ; 70                 ;
; Auto Carry Chains                                                               ; On                 ; On                 ;
; Auto Open-Drain Pins                                                            ; On                 ; On                 ;
; Perform WYSIWYG Primitive Resynthesis                                           ; Off                ; Off                ;
; Auto ROM Replacement                                                            ; On                 ; On                 ;
; Auto RAM Replacement                                                            ; On                 ; On                 ;
; Auto DSP Block Replacement                                                      ; On                 ; On                 ;
; Auto Shift Register Replacement                                                 ; Auto               ; Auto               ;
; Allow Shift Register Merging across Hierarchies                                 ; Auto               ; Auto               ;
; Auto Clock Enable Replacement                                                   ; On                 ; On                 ;
; Strict RAM Replacement                                                          ; Off                ; Off                ;
; Allow Synchronous Control Signals                                               ; On                 ; On                 ;
; Force Use of Synchronous Clear Signals                                          ; Off                ; Off                ;
; Auto Resource Sharing                                                           ; Off                ; Off                ;
; Allow Any RAM Size For Recognition                                              ; Off                ; Off                ;
; Allow Any ROM Size For Recognition                                              ; Off                ; Off                ;
; Allow Any Shift Register Size For Recognition                                   ; Off                ; Off                ;
; Use LogicLock Constraints during Resource Balancing                             ; On                 ; On                 ;
; Ignore translate_off and synthesis_off directives                               ; Off                ; Off                ;
; Timing-Driven Synthesis                                                         ; On                 ; On                 ;
; Report Parameter Settings                                                       ; On                 ; On                 ;
; Report Source Assignments                                                       ; On                 ; On                 ;
; Report Connectivity Checks                                                      ; On                 ; On                 ;
; Ignore Maximum Fan-Out Assignments                                              ; Off                ; Off                ;
; Synchronization Register Chain Length                                           ; 3                  ; 3                  ;
; Power Optimization During Synthesis                                             ; Normal compilation ; Normal compilation ;
; HDL message level                                                               ; Level2             ; Level2             ;
; Suppress Register Optimization Related Messages                                 ; Off                ; Off                ;
; Number of Removed Registers Reported in Synthesis Report                        ; 5000               ; 5000               ;
; Number of Swept Nodes Reported in Synthesis Report                              ; 5000               ; 5000               ;
; Number of Inverted Registers Reported in Synthesis Report                       ; 100                ; 100                ;
; Clock MUX Protection                                                            ; On                 ; On                 ;
; Auto Gated Clock Conversion                                                     ; Off                ; Off                ;
; Block Design Naming                                                             ; Auto               ; Auto               ;
; SDC constraint protection                                                       ; Off                ; Off                ;
; Synthesis Effort                                                                ; Auto               ; Auto               ;
; Shift Register Replacement - Allow Asynchronous Clear Signal                    ; On                 ; On                 ;
; Pre-Mapping Resynthesis Optimization                                            ; Off                ; Off                ;
; Analysis & Synthesis Message Level                                              ; Medium             ; Medium             ;
; Disable Register Merging Across Hierarchies                                     ; Auto               ; Auto               ;
; Resource Aware Inference For Block RAM                                          ; On                 ; On                 ;
; Automatic Parallel Synthesis                                                    ; On                 ; On                 ;
; Partial Reconfiguration Bitstream ID                                            ; Off                ; Off                ;
+---------------------------------------------------------------------------------+--------------------+--------------------+


+------------------------------------------+
; Parallel Compilation                     ;
+----------------------------+-------------+
; Processors                 ; Number      ;
+----------------------------+-------------+
; Number detected on machine ; 4           ;
; Maximum allowed            ; 4           ;
;                            ;             ;
; Average used               ; 1.00        ;
; Maximum used               ; 4           ;
;                            ;             ;
; Usage by Processor         ; % Time Used ;
;     Processor 1            ; 100.0%      ;
;     Processors 2-4         ;   0.0%      ;
+----------------------------+-------------+


+------------------------------------------------------------------------------------------------------------------------------------+
; Analysis & Synthesis Source Files Read                                                                                             ;
+----------------------------------+-----------------+-----------------+---------------------------------------------------+---------+
; File Name with User-Entered Path ; Used in Netlist ; File Type       ; File Name with Absolute Path                      ; Library ;
+----------------------------------+-----------------+-----------------+---------------------------------------------------+---------+
; parte4.vhd                       ; yes             ; User VHDL File  ; C:/Users/12703069/Desktop/lab04/parte4/parte4.vhd ;         ;
+----------------------------------+-----------------+-----------------+---------------------------------------------------+---------+


+-----------------------------------------------------------+
; Analysis & Synthesis Resource Usage Summary               ;
+---------------------------------------------+-------------+
; Resource                                    ; Usage       ;
+---------------------------------------------+-------------+
; Estimate of Logic utilization (ALMs needed) ; 47          ;
;                                             ;             ;
; Combinational ALUT usage for logic          ; 87          ;
;     -- 7 input functions                    ; 0           ;
;     -- 6 input functions                    ; 6           ;
;     -- 5 input functions                    ; 0           ;
;     -- 4 input functions                    ; 13          ;
;     -- <=3 input functions                  ; 68          ;
;                                             ;             ;
; Dedicated logic registers                   ; 48          ;
;                                             ;             ;
; I/O pins                                    ; 30          ;
;                                             ;             ;
; Total DSP Blocks                            ; 0           ;
;                                             ;             ;
; Maximum fan-out node                        ; reset~input ;
; Maximum fan-out                             ; 74          ;
; Total fan-out                               ; 485         ;
; Average fan-out                             ; 2.49        ;
+---------------------------------------------+-------------+


+----------------------------------------------------------------------------------------------------------------------------------------------------------------------------------------+
; Analysis & Synthesis Resource Utilization by Entity                                                                                                                                    ;
+----------------------------+---------------------+---------------------------+-------------------+------------+------+--------------+---------------------+-------------+--------------+
; Compilation Hierarchy Node ; Combinational ALUTs ; Dedicated Logic Registers ; Block Memory Bits ; DSP Blocks ; Pins ; Virtual Pins ; Full Hierarchy Name ; Entity Name ; Library Name ;
+----------------------------+---------------------+---------------------------+-------------------+------------+------+--------------+---------------------+-------------+--------------+
; |parte4                    ; 87 (87)             ; 48 (48)                   ; 0                 ; 0          ; 30   ; 0            ; |parte4             ; parte4      ; work         ;
+----------------------------+---------------------+---------------------------+-------------------+------------+------+--------------+---------------------+-------------+--------------+
Note: For table entries with two numbers listed, the numbers in parentheses indicate the number of resources of the given type used by the specific entity alone. The numbers listed outside of parentheses indicate the total resources of the given type used by the specific entity and all of its sub-entities in the hierarchy.


+----------------------------------------------------------------------------+
; Registers Removed During Synthesis                                         ;
+----------------------------------------+-----------------------------------+
; Register name                          ; Reason for Removal                ;
+----------------------------------------+-----------------------------------+
; digit_counter[2..31]                   ; Lost fanout                       ;
; seg0[5]~reg0_emulated                  ; Merged with seg0[0]~reg0_emulated ;
; seg3[6]~reg0_emulated                  ; Merged with seg0[0]~reg0_emulated ;
; seg0[2]~reg0_emulated                  ; Merged with seg0[1]~reg0_emulated ;
; seg2[1]~reg0_emulated                  ; Merged with seg0[1]~reg0_emulated ;
; seg2[2]~reg0_emulated                  ; Merged with seg0[1]~reg0_emulated ;
; seg0[4]~reg0_emulated                  ; Merged with seg0[3]~reg0_emulated ;
; seg1[5]~reg0_emulated                  ; Merged with seg1[0]~reg0_emulated ;
; seg1[2]~reg0_emulated                  ; Merged with seg1[1]~reg0_emulated ;
; seg1[4]~reg0_emulated                  ; Merged with seg1[3]~reg0_emulated ;
; seg2[5]~reg0_emulated                  ; Merged with seg2[0]~reg0_emulated ;
; seg2[4]~reg0_emulated                  ; Merged with seg2[3]~reg0_emulated ;
; seg3[0]~reg0_emulated                  ; Merged with seg2[6]~reg0_emulated ;
; seg3[5]~reg0_emulated                  ; Merged with seg2[6]~reg0_emulated ;
; seg3[2]~reg0_emulated                  ; Merged with seg3[1]~reg0_emulated ;
; seg3[4]~reg0_emulated                  ; Merged with seg3[3]~reg0_emulated ;
; Total Number of Removed Registers = 45 ;                                   ;
+----------------------------------------+-----------------------------------+


+-----------------------------------------------------------------------------------------------------------------------------------+
; Removed Registers Triggering Further Register Optimizations                                                                       ;
+-------------------+--------------------+------------------------------------------------------------------------------------------+
; Register name     ; Reason for Removal ; Registers Removed due to This Register                                                   ;
+-------------------+--------------------+------------------------------------------------------------------------------------------+
; digit_counter[31] ; Lost Fanouts       ; digit_counter[30], digit_counter[29], digit_counter[28], digit_counter[27],              ;
;                   ;                    ; digit_counter[26], digit_counter[25], digit_counter[24], digit_counter[23],              ;
;                   ;                    ; digit_counter[22], digit_counter[21], digit_counter[20], digit_counter[19],              ;
;                   ;                    ; digit_counter[18], digit_counter[17], digit_counter[16], digit_counter[15],              ;
;                   ;                    ; digit_counter[14], digit_counter[13], digit_counter[12], digit_counter[11],              ;
;                   ;                    ; digit_counter[10], digit_counter[9], digit_counter[8], digit_counter[7],                 ;
;                   ;                    ; digit_counter[6], digit_counter[5], digit_counter[4], digit_counter[3], digit_counter[2] ;
+-------------------+--------------------+------------------------------------------------------------------------------------------+


+------------------------------------------------------+
; General Register Statistics                          ;
+----------------------------------------------+-------+
; Statistic                                    ; Value ;
+----------------------------------------------+-------+
; Total registers                              ; 48    ;
; Number of registers using Synchronous Clear  ; 33    ;
; Number of registers using Synchronous Load   ; 0     ;
; Number of registers using Asynchronous Clear ; 48    ;
; Number of registers using Asynchronous Load  ; 0     ;
; Number of registers using Clock Enable       ; 15    ;
; Number of registers using Preset             ; 0     ;
+----------------------------------------------+-------+


+-----------------------------------------------------+
; Post-Synthesis Netlist Statistics for Top Partition ;
+-----------------------+-----------------------------+
; Type                  ; Count                       ;
+-----------------------+-----------------------------+
; arriav_ff             ; 48                          ;
;     CLR SCLR          ; 33                          ;
;     ENA CLR           ; 15                          ;
; arriav_lcell_comb     ; 87                          ;
;     arith             ; 34                          ;
;         1 data inputs ; 34                          ;
;     normal            ; 53                          ;
;         2 data inputs ; 21                          ;
;         3 data inputs ; 13                          ;
;         4 data inputs ; 13                          ;
;         6 data inputs ; 6                           ;
; boundary_port         ; 30                          ;
;                       ;                             ;
; Max LUT depth         ; 4.10                        ;
; Average LUT depth     ; 2.59                        ;
+-----------------------+-----------------------------+


+-------------------------------+
; Elapsed Time Per Partition    ;
+----------------+--------------+
; Partition Name ; Elapsed Time ;
+----------------+--------------+
; Top            ; 00:00:00     ;
+----------------+--------------+


+-------------------------------+
; Analysis & Synthesis Messages ;
+-------------------------------+
Info: *******************************************************************
Info: Running Quartus Prime Analysis & Synthesis
    Info: Version 21.1.0 Build 842 10/21/2021 SJ Lite Edition
    Info: Processing started: Mon Sep 16 20:18:05 2024
Info: Command: quartus_map --read_settings_files=on --write_settings_files=off parte4 -c parte4
Warning (18236): Number of processors has not been specified which may cause overloading on shared machines.  Set the global assignment NUM_PARALLEL_PROCESSORS in your QSF to an appropriate value for best performance.
Info (20030): Parallel compilation is enabled and will use 4 of the 4 processors detected
Info (12021): Found 2 design units, including 1 entities, in source file parte4.vhd
    Info (12022): Found design unit 1: parte4-Behavioral File: C:/Users/12703069/Desktop/lab04/parte4/parte4.vhd Line: 15
    Info (12023): Found entity 1: parte4 File: C:/Users/12703069/Desktop/lab04/parte4/parte4.vhd Line: 4
Info (12127): Elaborating entity "parte4" for the top level hierarchy
Warning (10492): VHDL Process Statement warning at parte4.vhd(42): signal "digit_counter" is read inside the Process Statement but isn't in the Process Statement's sensitivity list File: C:/Users/12703069/Desktop/lab04/parte4/parte4.vhd Line: 42
Warning (10492): VHDL Process Statement warning at parte4.vhd(43): signal "digit_counter" is read inside the Process Statement but isn't in the Process Statement's sensitivity list File: C:/Users/12703069/Desktop/lab04/parte4/parte4.vhd Line: 43
Warning (10492): VHDL Process Statement warning at parte4.vhd(44): signal "digit_counter" is read inside the Process Statement but isn't in the Process Statement's sensitivity list File: C:/Users/12703069/Desktop/lab04/parte4/parte4.vhd Line: 44
Warning (10492): VHDL Process Statement warning at parte4.vhd(45): signal "digit_counter" is read inside the Process Statement but isn't in the Process Statement's sensitivity list File: C:/Users/12703069/Desktop/lab04/parte4/parte4.vhd Line: 45
Warning (13004): Presettable and clearable registers converted to equivalent circuits with latches. Registers power-up to an undefined state, and DEVCLRn places the registers in an undefined state.
    Warning (13310): Register "seg0[0]~reg0" is converted into an equivalent circuit using register "seg0[0]~reg0_emulated" and latch "seg0[0]~1" File: C:/Users/12703069/Desktop/lab04/parte4/parte4.vhd Line: 38
    Warning (13310): Register "seg0[1]~reg0" is converted into an equivalent circuit using register "seg0[1]~reg0_emulated" and latch "seg0[1]~5" File: C:/Users/12703069/Desktop/lab04/parte4/parte4.vhd Line: 38
    Warning (13310): Register "seg0[2]~reg0" is converted into an equivalent circuit using register "seg0[2]~reg0_emulated" and latch "seg0[1]~5" File: C:/Users/12703069/Desktop/lab04/parte4/parte4.vhd Line: 38
    Warning (13310): Register "seg0[3]~reg0" is converted into an equivalent circuit using register "seg0[3]~reg0_emulated" and latch "seg0[3]~11" File: C:/Users/12703069/Desktop/lab04/parte4/parte4.vhd Line: 38
    Warning (13310): Register "seg0[4]~reg0" is converted into an equivalent circuit using register "seg0[4]~reg0_emulated" and latch "seg0[3]~11" File: C:/Users/12703069/Desktop/lab04/parte4/parte4.vhd Line: 38
    Warning (13310): Register "seg0[5]~reg0" is converted into an equivalent circuit using register "seg0[5]~reg0_emulated" and latch "seg0[0]~1" File: C:/Users/12703069/Desktop/lab04/parte4/parte4.vhd Line: 38
    Warning (13310): Register "seg0[6]~reg0" is converted into an equivalent circuit using register "seg0[6]~reg0_emulated" and latch "seg0[6]~19" File: C:/Users/12703069/Desktop/lab04/parte4/parte4.vhd Line: 38
    Warning (13310): Register "seg1[0]~reg0" is converted into an equivalent circuit using register "seg1[0]~reg0_emulated" and latch "seg1[0]~1" File: C:/Users/12703069/Desktop/lab04/parte4/parte4.vhd Line: 38
    Warning (13310): Register "seg1[1]~reg0" is converted into an equivalent circuit using register "seg1[1]~reg0_emulated" and latch "seg1[1]~5" File: C:/Users/12703069/Desktop/lab04/parte4/parte4.vhd Line: 38
    Warning (13310): Register "seg1[2]~reg0" is converted into an equivalent circuit using register "seg1[2]~reg0_emulated" and latch "seg1[1]~5" File: C:/Users/12703069/Desktop/lab04/parte4/parte4.vhd Line: 38
    Warning (13310): Register "seg1[3]~reg0" is converted into an equivalent circuit using register "seg1[3]~reg0_emulated" and latch "seg1[3]~11" File: C:/Users/12703069/Desktop/lab04/parte4/parte4.vhd Line: 38
    Warning (13310): Register "seg1[4]~reg0" is converted into an equivalent circuit using register "seg1[4]~reg0_emulated" and latch "seg1[3]~11" File: C:/Users/12703069/Desktop/lab04/parte4/parte4.vhd Line: 38
    Warning (13310): Register "seg1[5]~reg0" is converted into an equivalent circuit using register "seg1[5]~reg0_emulated" and latch "seg1[0]~1" File: C:/Users/12703069/Desktop/lab04/parte4/parte4.vhd Line: 38
    Warning (13310): Register "seg1[6]~reg0" is converted into an equivalent circuit using register "seg1[6]~reg0_emulated" and latch "seg1[6]~19" File: C:/Users/12703069/Desktop/lab04/parte4/parte4.vhd Line: 38
    Warning (13310): Register "seg2[0]~reg0" is converted into an equivalent circuit using register "seg2[0]~reg0_emulated" and latch "seg2[0]~1" File: C:/Users/12703069/Desktop/lab04/parte4/parte4.vhd Line: 38
    Warning (13310): Register "seg2[1]~reg0" is converted into an equivalent circuit using register "seg2[1]~reg0_emulated" and latch "seg0[1]~5" File: C:/Users/12703069/Desktop/lab04/parte4/parte4.vhd Line: 38
    Warning (13310): Register "seg2[2]~reg0" is converted into an equivalent circuit using register "seg2[2]~reg0_emulated" and latch "seg0[1]~5" File: C:/Users/12703069/Desktop/lab04/parte4/parte4.vhd Line: 38
    Warning (13310): Register "seg2[3]~reg0" is converted into an equivalent circuit using register "seg2[3]~reg0_emulated" and latch "seg2[3]~9" File: C:/Users/12703069/Desktop/lab04/parte4/parte4.vhd Line: 38
    Warning (13310): Register "seg2[4]~reg0" is converted into an equivalent circuit using register "seg2[4]~reg0_emulated" and latch "seg2[3]~9" File: C:/Users/12703069/Desktop/lab04/parte4/parte4.vhd Line: 38
    Warning (13310): Register "seg2[5]~reg0" is converted into an equivalent circuit using register "seg2[5]~reg0_emulated" and latch "seg2[0]~1" File: C:/Users/12703069/Desktop/lab04/parte4/parte4.vhd Line: 38
    Warning (13310): Register "seg2[6]~reg0" is converted into an equivalent circuit using register "seg2[6]~reg0_emulated" and latch "seg2[6]~17" File: C:/Users/12703069/Desktop/lab04/parte4/parte4.vhd Line: 38
    Warning (13310): Register "seg3[0]~reg0" is converted into an equivalent circuit using register "seg3[0]~reg0_emulated" and latch "seg2[6]~17" File: C:/Users/12703069/Desktop/lab04/parte4/parte4.vhd Line: 38
    Warning (13310): Register "seg3[1]~reg0" is converted into an equivalent circuit using register "seg3[1]~reg0_emulated" and latch "seg3[1]~3" File: C:/Users/12703069/Desktop/lab04/parte4/parte4.vhd Line: 38
    Warning (13310): Register "seg3[2]~reg0" is converted into an equivalent circuit using register "seg3[2]~reg0_emulated" and latch "seg3[1]~3" File: C:/Users/12703069/Desktop/lab04/parte4/parte4.vhd Line: 38
    Warning (13310): Register "seg3[3]~reg0" is converted into an equivalent circuit using register "seg3[3]~reg0_emulated" and latch "seg3[3]~9" File: C:/Users/12703069/Desktop/lab04/parte4/parte4.vhd Line: 38
    Warning (13310): Register "seg3[4]~reg0" is converted into an equivalent circuit using register "seg3[4]~reg0_emulated" and latch "seg3[3]~9" File: C:/Users/12703069/Desktop/lab04/parte4/parte4.vhd Line: 38
    Warning (13310): Register "seg3[5]~reg0" is converted into an equivalent circuit using register "seg3[5]~reg0_emulated" and latch "seg2[6]~17" File: C:/Users/12703069/Desktop/lab04/parte4/parte4.vhd Line: 38
    Warning (13310): Register "seg3[6]~reg0" is converted into an equivalent circuit using register "seg3[6]~reg0_emulated" and latch "seg0[0]~1" File: C:/Users/12703069/Desktop/lab04/parte4/parte4.vhd Line: 38
Info (286030): Timing-Driven Synthesis is running
Info (17049): 30 registers lost all their fanouts during netlist optimizations.
Info (16010): Generating hard_block partition "hard_block:auto_generated_inst"
    Info (16011): Adding 0 node(s), including 0 DDIO, 0 PLL, 0 transceiver and 0 LCELL
Info (21057): Implemented 119 device resources after synthesis - the final resource count might be different
    Info (21058): Implemented 2 input pins
    Info (21059): Implemented 28 output pins
    Info (21061): Implemented 89 logic cells
Info: Quartus Prime Analysis & Synthesis was successful. 0 errors, 34 warnings
    Info: Peak virtual memory: 4875 megabytes
    Info: Processing ended: Mon Sep 16 20:18:13 2024
    Info: Elapsed time: 00:00:08
    Info: Total CPU time (on all processors): 00:00:18


