Analysis & Synthesis report for parte5
Tue Sep 17 14:52:10 2024
Quartus Prime Version 21.1.0 Build 842 10/21/2021 SJ Lite Edition


---------------------
; Table of Contents ;
---------------------
  1. Legal Notice
  2. Analysis & Synthesis Summary
  3. Analysis & Synthesis Settings
  4. Parallel Compilation
  5. Analysis & Synthesis Source Files Read
  6. Analysis & Synthesis Resource Usage Summary
  7. Analysis & Synthesis Resource Utilization by Entity
  8. Registers Removed During Synthesis
  9. General Register Statistics
 10. Parameter Settings for Inferred Entity Instance: lpm_divide:Mod0
 11. Parameter Settings for Inferred Entity Instance: lpm_divide:Mod1
 12. Parameter Settings for Inferred Entity Instance: lpm_divide:Mod2
 13. Parameter Settings for Inferred Entity Instance: lpm_divide:Mod3
 14. Parameter Settings for Inferred Entity Instance: lpm_divide:Mod4
 15. Parameter Settings for Inferred Entity Instance: lpm_divide:Mod5
 16. Post-Synthesis Netlist Statistics for Top Partition
 17. Elapsed Time Per Partition
 18. Analysis & Synthesis Messages



----------------
; Legal Notice ;
----------------
Copyright (C) 2021  Intel Corporation. All rights reserved.
Your use of Intel Corporation's design tools, logic functions 
and other software and tools, and any partner logic 
functions, and any output files from any of the foregoing 
(including device programming or simulation files), and any 
associated documentation or information are expressly subject 
to the terms and conditions of the Intel Program License 
Subscription Agreement, the Intel Quartus Prime License Agreement,
the Intel FPGA IP License Agreement, or other applicable license
agreement, including, without limitation, that your use is for
the sole purpose of programming logic devices manufactured by
Intel and sold by Intel or its authorized distributors.  Please
refer to the applicable agreement for further details, at
https://fpgasoftware.intel.com/eula.



+-------------------------------------------------------------------------------+
; Analysis & Synthesis Summary                                                  ;
+---------------------------------+---------------------------------------------+
; Analysis & Synthesis Status     ; Successful - Tue Sep 17 14:52:10 2024       ;
; Quartus Prime Version           ; 21.1.0 Build 842 10/21/2021 SJ Lite Edition ;
; Revision Name                   ; parte5                                      ;
; Top-level Entity Name           ; parte5                                      ;
; Family                          ; Cyclone V                                   ;
; Logic utilization (in ALMs)     ; N/A                                         ;
; Total registers                 ; 89                                          ;
; Total pins                      ; 44                                          ;
; Total virtual pins              ; 0                                           ;
; Total block memory bits         ; 0                                           ;
; Total DSP Blocks                ; 0                                           ;
; Total HSSI RX PCSs              ; 0                                           ;
; Total HSSI PMA RX Deserializers ; 0                                           ;
; Total HSSI TX PCSs              ; 0                                           ;
; Total HSSI PMA TX Serializers   ; 0                                           ;
; Total PLLs                      ; 0                                           ;
; Total DLLs                      ; 0                                           ;
+---------------------------------+---------------------------------------------+


+---------------------------------------------------------------------------------------------------------------------------+
; Analysis & Synthesis Settings                                                                                             ;
+---------------------------------------------------------------------------------+--------------------+--------------------+
; Option                                                                          ; Setting            ; Default Value      ;
+---------------------------------------------------------------------------------+--------------------+--------------------+
; Device                                                                          ; 5CEBA4F23C7        ;                    ;
; Top-level entity name                                                           ; parte5             ; parte5             ;
; Family name                                                                     ; Cyclone V          ; Cyclone V          ;
; Use smart compilation                                                           ; Off                ; Off                ;
; Enable parallel Assembler and Timing Analyzer during compilation                ; On                 ; On                 ;
; Enable compact report table                                                     ; Off                ; Off                ;
; Restructure Multiplexers                                                        ; Auto               ; Auto               ;
; MLAB Add Timing Constraints For Mixed-Port Feed-Through Mode Setting Don't Care ; Off                ; Off                ;
; Create Debugging Nodes for IP Cores                                             ; Off                ; Off                ;
; Preserve fewer node names                                                       ; On                 ; On                 ;
; Intel FPGA IP Evaluation Mode                                                   ; Enable             ; Enable             ;
; Verilog Version                                                                 ; Verilog_2001       ; Verilog_2001       ;
; VHDL Version                                                                    ; VHDL_1993          ; VHDL_1993          ;
; State Machine Processing                                                        ; Auto               ; Auto               ;
; Safe State Machine                                                              ; Off                ; Off                ;
; Extract Verilog State Machines                                                  ; On                 ; On                 ;
; Extract VHDL State Machines                                                     ; On                 ; On                 ;
; Ignore Verilog initial constructs                                               ; Off                ; Off                ;
; Iteration limit for constant Verilog loops                                      ; 5000               ; 5000               ;
; Iteration limit for non-constant Verilog loops                                  ; 250                ; 250                ;
; Add Pass-Through Logic to Inferred RAMs                                         ; On                 ; On                 ;
; Infer RAMs from Raw Logic                                                       ; On                 ; On                 ;
; Parallel Synthesis                                                              ; On                 ; On                 ;
; DSP Block Balancing                                                             ; Auto               ; Auto               ;
; NOT Gate Push-Back                                                              ; On                 ; On                 ;
; Power-Up Don't Care                                                             ; On                 ; On                 ;
; Remove Redundant Logic Cells                                                    ; Off                ; Off                ;
; Remove Duplicate Registers                                                      ; On                 ; On                 ;
; Ignore CARRY Buffers                                                            ; Off                ; Off                ;
; Ignore CASCADE Buffers                                                          ; Off                ; Off                ;
; Ignore GLOBAL Buffers                                                           ; Off                ; Off                ;
; Ignore ROW GLOBAL Buffers                                                       ; Off                ; Off                ;
; Ignore LCELL Buffers                                                            ; Off                ; Off                ;
; Ignore SOFT Buffers                                                             ; On                 ; On                 ;
; Limit AHDL Integers to 32 Bits                                                  ; Off                ; Off                ;
; Optimization Technique                                                          ; Balanced           ; Balanced           ;
; Carry Chain Length                                                              ; 70                 ; 70                 ;
; Auto Carry Chains                                                               ; On                 ; On                 ;
; Auto Open-Drain Pins                                                            ; On                 ; On                 ;
; Perform WYSIWYG Primitive Resynthesis                                           ; Off                ; Off                ;
; Auto ROM Replacement                                                            ; On                 ; On                 ;
; Auto RAM Replacement                                                            ; On                 ; On                 ;
; Auto DSP Block Replacement                                                      ; On                 ; On                 ;
; Auto Shift Register Replacement                                                 ; Auto               ; Auto               ;
; Allow Shift Register Merging across Hierarchies                                 ; Auto               ; Auto               ;
; Auto Clock Enable Replacement                                                   ; On                 ; On                 ;
; Strict RAM Replacement                                                          ; Off                ; Off                ;
; Allow Synchronous Control Signals                                               ; On                 ; On                 ;
; Force Use of Synchronous Clear Signals                                          ; Off                ; Off                ;
; Auto Resource Sharing                                                           ; Off                ; Off                ;
; Allow Any RAM Size For Recognition                                              ; Off                ; Off                ;
; Allow Any ROM Size For Recognition                                              ; Off                ; Off                ;
; Allow Any Shift Register Size For Recognition                                   ; Off                ; Off                ;
; Use LogicLock Constraints during Resource Balancing                             ; On                 ; On                 ;
; Ignore translate_off and synthesis_off directives                               ; Off                ; Off                ;
; Timing-Driven Synthesis                                                         ; On                 ; On                 ;
; Report Parameter Settings                                                       ; On                 ; On                 ;
; Report Source Assignments                                                       ; On                 ; On                 ;
; Report Connectivity Checks                                                      ; On                 ; On                 ;
; Ignore Maximum Fan-Out Assignments                                              ; Off                ; Off                ;
; Synchronization Register Chain Length                                           ; 3                  ; 3                  ;
; Power Optimization During Synthesis                                             ; Normal compilation ; Normal compilation ;
; HDL message level                                                               ; Level2             ; Level2             ;
; Suppress Register Optimization Related Messages                                 ; Off                ; Off                ;
; Number of Removed Registers Reported in Synthesis Report                        ; 5000               ; 5000               ;
; Number of Swept Nodes Reported in Synthesis Report                              ; 5000               ; 5000               ;
; Number of Inverted Registers Reported in Synthesis Report                       ; 100                ; 100                ;
; Clock MUX Protection                                                            ; On                 ; On                 ;
; Auto Gated Clock Conversion                                                     ; Off                ; Off                ;
; Block Design Naming                                                             ; Auto               ; Auto               ;
; SDC constraint protection                                                       ; Off                ; Off                ;
; Synthesis Effort                                                                ; Auto               ; Auto               ;
; Shift Register Replacement - Allow Asynchronous Clear Signal                    ; On                 ; On                 ;
; Pre-Mapping Resynthesis Optimization                                            ; Off                ; Off                ;
; Analysis & Synthesis Message Level                                              ; Medium             ; Medium             ;
; Disable Register Merging Across Hierarchies                                     ; Auto               ; Auto               ;
; Resource Aware Inference For Block RAM                                          ; On                 ; On                 ;
; Automatic Parallel Synthesis                                                    ; On                 ; On                 ;
; Partial Reconfiguration Bitstream ID                                            ; Off                ; Off                ;
+---------------------------------------------------------------------------------+--------------------+--------------------+


+------------------------------------------+
; Parallel Compilation                     ;
+----------------------------+-------------+
; Processors                 ; Number      ;
+----------------------------+-------------+
; Number detected on machine ; 4           ;
; Maximum allowed            ; 4           ;
;                            ;             ;
; Average used               ; 1.00        ;
; Maximum used               ; 4           ;
;                            ;             ;
; Usage by Processor         ; % Time Used ;
;     Processor 1            ; 100.0%      ;
;     Processor 2            ;   0.2%      ;
;     Processor 3            ;   0.1%      ;
;     Processor 4            ;   0.1%      ;
+----------------------------+-------------+


+----------------------------------------------------------------------------------------------------------------------------------------------------------------------------------------+
; Analysis & Synthesis Source Files Read                                                                                                                                                 ;
+----------------------------------+-----------------+------------------------------+------------------------------------------------------------------------------------------+---------+
; File Name with User-Entered Path ; Used in Netlist ; File Type                    ; File Name with Absolute Path                                                             ; Library ;
+----------------------------------+-----------------+------------------------------+------------------------------------------------------------------------------------------+---------+
; parte5.vhd                       ; yes             ; User VHDL File               ; C:/Users/12703069/Desktop/lab04-20240917T172558Z-001/lab04/parte5/parte5.vhd             ;         ;
; lpm_divide.tdf                   ; yes             ; Megafunction                 ; c:/intelfpga_lite/21.1/quartus/libraries/megafunctions/lpm_divide.tdf                    ;         ;
; abs_divider.inc                  ; yes             ; Megafunction                 ; c:/intelfpga_lite/21.1/quartus/libraries/megafunctions/abs_divider.inc                   ;         ;
; sign_div_unsign.inc              ; yes             ; Megafunction                 ; c:/intelfpga_lite/21.1/quartus/libraries/megafunctions/sign_div_unsign.inc               ;         ;
; aglobal211.inc                   ; yes             ; Megafunction                 ; c:/intelfpga_lite/21.1/quartus/libraries/megafunctions/aglobal211.inc                    ;         ;
; db/lpm_divide_uio.tdf            ; yes             ; Auto-Generated Megafunction  ; C:/Users/12703069/Desktop/lab04-20240917T172558Z-001/lab04/parte5/db/lpm_divide_uio.tdf  ;         ;
; db/abs_divider_4dg.tdf           ; yes             ; Auto-Generated Megafunction  ; C:/Users/12703069/Desktop/lab04-20240917T172558Z-001/lab04/parte5/db/abs_divider_4dg.tdf ;         ;
; db/alt_u_div_o2f.tdf             ; yes             ; Auto-Generated Megafunction  ; C:/Users/12703069/Desktop/lab04-20240917T172558Z-001/lab04/parte5/db/alt_u_div_o2f.tdf   ;         ;
; db/lpm_abs_4p9.tdf               ; yes             ; Auto-Generated Megafunction  ; C:/Users/12703069/Desktop/lab04-20240917T172558Z-001/lab04/parte5/db/lpm_abs_4p9.tdf     ;         ;
+----------------------------------+-----------------+------------------------------+------------------------------------------------------------------------------------------+---------+


+-----------------------------------------------------------+
; Analysis & Synthesis Resource Usage Summary               ;
+---------------------------------------------+-------------+
; Resource                                    ; Usage       ;
+---------------------------------------------+-------------+
; Estimate of Logic utilization (ALMs needed) ; 4862        ;
;                                             ;             ;
; Combinational ALUT usage for logic          ; 9576        ;
;     -- 7 input functions                    ; 0           ;
;     -- 6 input functions                    ; 147         ;
;     -- 5 input functions                    ; 173         ;
;     -- 4 input functions                    ; 3023        ;
;     -- <=3 input functions                  ; 6233        ;
;                                             ;             ;
; Dedicated logic registers                   ; 89          ;
;                                             ;             ;
; I/O pins                                    ; 44          ;
;                                             ;             ;
; Total DSP Blocks                            ; 0           ;
;                                             ;             ;
; Maximum fan-out node                        ; reset~input ;
; Maximum fan-out                             ; 137         ;
; Total fan-out                               ; 31524       ;
; Average fan-out                             ; 3.23        ;
+---------------------------------------------+-------------+


+----------------------------------------------------------------------------------------------------------------------------------------------------------------------------------------------------------------------------------------------------------------------------------------+
; Analysis & Synthesis Resource Utilization by Entity                                                                                                                                                                                                                                    ;
+---------------------------------------+---------------------+---------------------------+-------------------+------------+------+--------------+------------------------------------------------------------------------------------------------------+-----------------+--------------+
; Compilation Hierarchy Node            ; Combinational ALUTs ; Dedicated Logic Registers ; Block Memory Bits ; DSP Blocks ; Pins ; Virtual Pins ; Full Hierarchy Name                                                                                  ; Entity Name     ; Library Name ;
+---------------------------------------+---------------------+---------------------------+-------------------+------------+------+--------------+------------------------------------------------------------------------------------------------------+-----------------+--------------+
; |parte5                               ; 9576 (855)          ; 89 (89)                   ; 0                 ; 0          ; 44   ; 0            ; |parte5                                                                                              ; parte5          ; work         ;
;    |lpm_divide:Mod0|                  ; 1454 (0)            ; 0 (0)                     ; 0                 ; 0          ; 0    ; 0            ; |parte5|lpm_divide:Mod0                                                                              ; lpm_divide      ; work         ;
;       |lpm_divide_uio:auto_generated| ; 1454 (0)            ; 0 (0)                     ; 0                 ; 0          ; 0    ; 0            ; |parte5|lpm_divide:Mod0|lpm_divide_uio:auto_generated                                                ; lpm_divide_uio  ; work         ;
;          |abs_divider_4dg:divider|    ; 1454 (75)           ; 0 (0)                     ; 0                 ; 0          ; 0    ; 0            ; |parte5|lpm_divide:Mod0|lpm_divide_uio:auto_generated|abs_divider_4dg:divider                        ; abs_divider_4dg ; work         ;
;             |alt_u_div_o2f:divider|   ; 1347 (1347)         ; 0 (0)                     ; 0                 ; 0          ; 0    ; 0            ; |parte5|lpm_divide:Mod0|lpm_divide_uio:auto_generated|abs_divider_4dg:divider|alt_u_div_o2f:divider  ; alt_u_div_o2f   ; work         ;
;             |lpm_abs_4p9:my_abs_num|  ; 32 (32)             ; 0 (0)                     ; 0                 ; 0          ; 0    ; 0            ; |parte5|lpm_divide:Mod0|lpm_divide_uio:auto_generated|abs_divider_4dg:divider|lpm_abs_4p9:my_abs_num ; lpm_abs_4p9     ; work         ;
;    |lpm_divide:Mod1|                  ; 1454 (0)            ; 0 (0)                     ; 0                 ; 0          ; 0    ; 0            ; |parte5|lpm_divide:Mod1                                                                              ; lpm_divide      ; work         ;
;       |lpm_divide_uio:auto_generated| ; 1454 (0)            ; 0 (0)                     ; 0                 ; 0          ; 0    ; 0            ; |parte5|lpm_divide:Mod1|lpm_divide_uio:auto_generated                                                ; lpm_divide_uio  ; work         ;
;          |abs_divider_4dg:divider|    ; 1454 (75)           ; 0 (0)                     ; 0                 ; 0          ; 0    ; 0            ; |parte5|lpm_divide:Mod1|lpm_divide_uio:auto_generated|abs_divider_4dg:divider                        ; abs_divider_4dg ; work         ;
;             |alt_u_div_o2f:divider|   ; 1347 (1347)         ; 0 (0)                     ; 0                 ; 0          ; 0    ; 0            ; |parte5|lpm_divide:Mod1|lpm_divide_uio:auto_generated|abs_divider_4dg:divider|alt_u_div_o2f:divider  ; alt_u_div_o2f   ; work         ;
;             |lpm_abs_4p9:my_abs_num|  ; 32 (32)             ; 0 (0)                     ; 0                 ; 0          ; 0    ; 0            ; |parte5|lpm_divide:Mod1|lpm_divide_uio:auto_generated|abs_divider_4dg:divider|lpm_abs_4p9:my_abs_num ; lpm_abs_4p9     ; work         ;
;    |lpm_divide:Mod2|                  ; 1450 (0)            ; 0 (0)                     ; 0                 ; 0          ; 0    ; 0            ; |parte5|lpm_divide:Mod2                                                                              ; lpm_divide      ; work         ;
;       |lpm_divide_uio:auto_generated| ; 1450 (0)            ; 0 (0)                     ; 0                 ; 0          ; 0    ; 0            ; |parte5|lpm_divide:Mod2|lpm_divide_uio:auto_generated                                                ; lpm_divide_uio  ; work         ;
;          |abs_divider_4dg:divider|    ; 1450 (71)           ; 0 (0)                     ; 0                 ; 0          ; 0    ; 0            ; |parte5|lpm_divide:Mod2|lpm_divide_uio:auto_generated|abs_divider_4dg:divider                        ; abs_divider_4dg ; work         ;
;             |alt_u_div_o2f:divider|   ; 1347 (1347)         ; 0 (0)                     ; 0                 ; 0          ; 0    ; 0            ; |parte5|lpm_divide:Mod2|lpm_divide_uio:auto_generated|abs_divider_4dg:divider|alt_u_div_o2f:divider  ; alt_u_div_o2f   ; work         ;
;             |lpm_abs_4p9:my_abs_num|  ; 32 (32)             ; 0 (0)                     ; 0                 ; 0          ; 0    ; 0            ; |parte5|lpm_divide:Mod2|lpm_divide_uio:auto_generated|abs_divider_4dg:divider|lpm_abs_4p9:my_abs_num ; lpm_abs_4p9     ; work         ;
;    |lpm_divide:Mod3|                  ; 1451 (0)            ; 0 (0)                     ; 0                 ; 0          ; 0    ; 0            ; |parte5|lpm_divide:Mod3                                                                              ; lpm_divide      ; work         ;
;       |lpm_divide_uio:auto_generated| ; 1451 (0)            ; 0 (0)                     ; 0                 ; 0          ; 0    ; 0            ; |parte5|lpm_divide:Mod3|lpm_divide_uio:auto_generated                                                ; lpm_divide_uio  ; work         ;
;          |abs_divider_4dg:divider|    ; 1451 (72)           ; 0 (0)                     ; 0                 ; 0          ; 0    ; 0            ; |parte5|lpm_divide:Mod3|lpm_divide_uio:auto_generated|abs_divider_4dg:divider                        ; abs_divider_4dg ; work         ;
;             |alt_u_div_o2f:divider|   ; 1347 (1347)         ; 0 (0)                     ; 0                 ; 0          ; 0    ; 0            ; |parte5|lpm_divide:Mod3|lpm_divide_uio:auto_generated|abs_divider_4dg:divider|alt_u_div_o2f:divider  ; alt_u_div_o2f   ; work         ;
;             |lpm_abs_4p9:my_abs_num|  ; 32 (32)             ; 0 (0)                     ; 0                 ; 0          ; 0    ; 0            ; |parte5|lpm_divide:Mod3|lpm_divide_uio:auto_generated|abs_divider_4dg:divider|lpm_abs_4p9:my_abs_num ; lpm_abs_4p9     ; work         ;
;    |lpm_divide:Mod4|                  ; 1451 (0)            ; 0 (0)                     ; 0                 ; 0          ; 0    ; 0            ; |parte5|lpm_divide:Mod4                                                                              ; lpm_divide      ; work         ;
;       |lpm_divide_uio:auto_generated| ; 1451 (0)            ; 0 (0)                     ; 0                 ; 0          ; 0    ; 0            ; |parte5|lpm_divide:Mod4|lpm_divide_uio:auto_generated                                                ; lpm_divide_uio  ; work         ;
;          |abs_divider_4dg:divider|    ; 1451 (72)           ; 0 (0)                     ; 0                 ; 0          ; 0    ; 0            ; |parte5|lpm_divide:Mod4|lpm_divide_uio:auto_generated|abs_divider_4dg:divider                        ; abs_divider_4dg ; work         ;
;             |alt_u_div_o2f:divider|   ; 1347 (1347)         ; 0 (0)                     ; 0                 ; 0          ; 0    ; 0            ; |parte5|lpm_divide:Mod4|lpm_divide_uio:auto_generated|abs_divider_4dg:divider|alt_u_div_o2f:divider  ; alt_u_div_o2f   ; work         ;
;             |lpm_abs_4p9:my_abs_num|  ; 32 (32)             ; 0 (0)                     ; 0                 ; 0          ; 0    ; 0            ; |parte5|lpm_divide:Mod4|lpm_divide_uio:auto_generated|abs_divider_4dg:divider|lpm_abs_4p9:my_abs_num ; lpm_abs_4p9     ; work         ;
;    |lpm_divide:Mod5|                  ; 1461 (0)            ; 0 (0)                     ; 0                 ; 0          ; 0    ; 0            ; |parte5|lpm_divide:Mod5                                                                              ; lpm_divide      ; work         ;
;       |lpm_divide_uio:auto_generated| ; 1461 (0)            ; 0 (0)                     ; 0                 ; 0          ; 0    ; 0            ; |parte5|lpm_divide:Mod5|lpm_divide_uio:auto_generated                                                ; lpm_divide_uio  ; work         ;
;          |abs_divider_4dg:divider|    ; 1461 (82)           ; 0 (0)                     ; 0                 ; 0          ; 0    ; 0            ; |parte5|lpm_divide:Mod5|lpm_divide_uio:auto_generated|abs_divider_4dg:divider                        ; abs_divider_4dg ; work         ;
;             |alt_u_div_o2f:divider|   ; 1347 (1347)         ; 0 (0)                     ; 0                 ; 0          ; 0    ; 0            ; |parte5|lpm_divide:Mod5|lpm_divide_uio:auto_generated|abs_divider_4dg:divider|alt_u_div_o2f:divider  ; alt_u_div_o2f   ; work         ;
;             |lpm_abs_4p9:my_abs_num|  ; 32 (32)             ; 0 (0)                     ; 0                 ; 0          ; 0    ; 0            ; |parte5|lpm_divide:Mod5|lpm_divide_uio:auto_generated|abs_divider_4dg:divider|lpm_abs_4p9:my_abs_num ; lpm_abs_4p9     ; work         ;
+---------------------------------------+---------------------+---------------------------+-------------------+------------+------+--------------+------------------------------------------------------------------------------------------------------+-----------------+--------------+
Note: For table entries with two numbers listed, the numbers in parentheses indicate the number of resources of the given type used by the specific entity alone. The numbers listed outside of parentheses indicate the total resources of the given type used by the specific entity and all of its sub-entities in the hierarchy.


+----------------------------------------------------------------------------+
; Registers Removed During Synthesis                                         ;
+----------------------------------------+-----------------------------------+
; Register name                          ; Reason for Removal                ;
+----------------------------------------+-----------------------------------+
; seg0[5]~reg0_emulated                  ; Merged with seg0[0]~reg0_emulated ;
; seg0[2]~reg0_emulated                  ; Merged with seg0[1]~reg0_emulated ;
; seg0[4]~reg0_emulated                  ; Merged with seg0[3]~reg0_emulated ;
; seg1[5]~reg0_emulated                  ; Merged with seg1[0]~reg0_emulated ;
; seg1[2]~reg0_emulated                  ; Merged with seg1[1]~reg0_emulated ;
; seg1[4]~reg0_emulated                  ; Merged with seg1[3]~reg0_emulated ;
; seg2[5]~reg0_emulated                  ; Merged with seg2[0]~reg0_emulated ;
; seg2[2]~reg0_emulated                  ; Merged with seg2[1]~reg0_emulated ;
; seg2[4]~reg0_emulated                  ; Merged with seg2[3]~reg0_emulated ;
; seg3[5]~reg0_emulated                  ; Merged with seg3[0]~reg0_emulated ;
; seg3[2]~reg0_emulated                  ; Merged with seg3[1]~reg0_emulated ;
; seg3[4]~reg0_emulated                  ; Merged with seg3[3]~reg0_emulated ;
; seg4[5]~reg0_emulated                  ; Merged with seg4[0]~reg0_emulated ;
; seg4[2]~reg0_emulated                  ; Merged with seg4[1]~reg0_emulated ;
; seg4[4]~reg0_emulated                  ; Merged with seg4[3]~reg0_emulated ;
; seg5[5]~reg0_emulated                  ; Merged with seg5[0]~reg0_emulated ;
; seg5[2]~reg0_emulated                  ; Merged with seg5[1]~reg0_emulated ;
; seg5[4]~reg0_emulated                  ; Merged with seg5[3]~reg0_emulated ;
; Total Number of Removed Registers = 18 ;                                   ;
+----------------------------------------+-----------------------------------+


+------------------------------------------------------+
; General Register Statistics                          ;
+----------------------------------------------+-------+
; Statistic                                    ; Value ;
+----------------------------------------------+-------+
; Total registers                              ; 89    ;
; Number of registers using Synchronous Clear  ; 33    ;
; Number of registers using Synchronous Load   ; 0     ;
; Number of registers using Asynchronous Clear ; 89    ;
; Number of registers using Asynchronous Load  ; 0     ;
; Number of registers using Clock Enable       ; 56    ;
; Number of registers using Preset             ; 0     ;
+----------------------------------------------+-------+


+------------------------------------------------------------------+
; Parameter Settings for Inferred Entity Instance: lpm_divide:Mod0 ;
+------------------------+----------------+------------------------+
; Parameter Name         ; Value          ; Type                   ;
+------------------------+----------------+------------------------+
; LPM_WIDTHN             ; 32             ; Untyped                ;
; LPM_WIDTHD             ; 32             ; Untyped                ;
; LPM_NREPRESENTATION    ; SIGNED         ; Untyped                ;
; LPM_DREPRESENTATION    ; SIGNED         ; Untyped                ;
; LPM_PIPELINE           ; 0              ; Untyped                ;
; LPM_REMAINDERPOSITIVE  ; FALSE          ; Untyped                ;
; MAXIMIZE_SPEED         ; 5              ; Untyped                ;
; CBXI_PARAMETER         ; lpm_divide_uio ; Untyped                ;
; CARRY_CHAIN            ; MANUAL         ; Untyped                ;
; OPTIMIZE_FOR_SPEED     ; 5              ; Untyped                ;
; AUTO_CARRY_CHAINS      ; ON             ; AUTO_CARRY             ;
; IGNORE_CARRY_BUFFERS   ; OFF            ; IGNORE_CARRY           ;
; AUTO_CASCADE_CHAINS    ; ON             ; AUTO_CASCADE           ;
; IGNORE_CASCADE_BUFFERS ; OFF            ; IGNORE_CASCADE         ;
+------------------------+----------------+------------------------+
Note: In order to hide this table in the UI and the text report file, please set the "Show Parameter Settings in Synthesis Report" option in "Analysis and Synthesis Settings -> More Settings" to "Off".


+------------------------------------------------------------------+
; Parameter Settings for Inferred Entity Instance: lpm_divide:Mod1 ;
+------------------------+----------------+------------------------+
; Parameter Name         ; Value          ; Type                   ;
+------------------------+----------------+------------------------+
; LPM_WIDTHN             ; 32             ; Untyped                ;
; LPM_WIDTHD             ; 32             ; Untyped                ;
; LPM_NREPRESENTATION    ; SIGNED         ; Untyped                ;
; LPM_DREPRESENTATION    ; SIGNED         ; Untyped                ;
; LPM_PIPELINE           ; 0              ; Untyped                ;
; LPM_REMAINDERPOSITIVE  ; FALSE          ; Untyped                ;
; MAXIMIZE_SPEED         ; 5              ; Untyped                ;
; CBXI_PARAMETER         ; lpm_divide_uio ; Untyped                ;
; CARRY_CHAIN            ; MANUAL         ; Untyped                ;
; OPTIMIZE_FOR_SPEED     ; 5              ; Untyped                ;
; AUTO_CARRY_CHAINS      ; ON             ; AUTO_CARRY             ;
; IGNORE_CARRY_BUFFERS   ; OFF            ; IGNORE_CARRY           ;
; AUTO_CASCADE_CHAINS    ; ON             ; AUTO_CASCADE           ;
; IGNORE_CASCADE_BUFFERS ; OFF            ; IGNORE_CASCADE         ;
+------------------------+----------------+------------------------+
Note: In order to hide this table in the UI and the text report file, please set the "Show Parameter Settings in Synthesis Report" option in "Analysis and Synthesis Settings -> More Settings" to "Off".


+------------------------------------------------------------------+
; Parameter Settings for Inferred Entity Instance: lpm_divide:Mod2 ;
+------------------------+----------------+------------------------+
; Parameter Name         ; Value          ; Type                   ;
+------------------------+----------------+------------------------+
; LPM_WIDTHN             ; 32             ; Untyped                ;
; LPM_WIDTHD             ; 32             ; Untyped                ;
; LPM_NREPRESENTATION    ; SIGNED         ; Untyped                ;
; LPM_DREPRESENTATION    ; SIGNED         ; Untyped                ;
; LPM_PIPELINE           ; 0              ; Untyped                ;
; LPM_REMAINDERPOSITIVE  ; FALSE          ; Untyped                ;
; MAXIMIZE_SPEED         ; 5              ; Untyped                ;
; CBXI_PARAMETER         ; lpm_divide_uio ; Untyped                ;
; CARRY_CHAIN            ; MANUAL         ; Untyped                ;
; OPTIMIZE_FOR_SPEED     ; 5              ; Untyped                ;
; AUTO_CARRY_CHAINS      ; ON             ; AUTO_CARRY             ;
; IGNORE_CARRY_BUFFERS   ; OFF            ; IGNORE_CARRY           ;
; AUTO_CASCADE_CHAINS    ; ON             ; AUTO_CASCADE           ;
; IGNORE_CASCADE_BUFFERS ; OFF            ; IGNORE_CASCADE         ;
+------------------------+----------------+------------------------+
Note: In order to hide this table in the UI and the text report file, please set the "Show Parameter Settings in Synthesis Report" option in "Analysis and Synthesis Settings -> More Settings" to "Off".


+------------------------------------------------------------------+
; Parameter Settings for Inferred Entity Instance: lpm_divide:Mod3 ;
+------------------------+----------------+------------------------+
; Parameter Name         ; Value          ; Type                   ;
+------------------------+----------------+------------------------+
; LPM_WIDTHN             ; 32             ; Untyped                ;
; LPM_WIDTHD             ; 32             ; Untyped                ;
; LPM_NREPRESENTATION    ; SIGNED         ; Untyped                ;
; LPM_DREPRESENTATION    ; SIGNED         ; Untyped                ;
; LPM_PIPELINE           ; 0              ; Untyped                ;
; LPM_REMAINDERPOSITIVE  ; FALSE          ; Untyped                ;
; MAXIMIZE_SPEED         ; 5              ; Untyped                ;
; CBXI_PARAMETER         ; lpm_divide_uio ; Untyped                ;
; CARRY_CHAIN            ; MANUAL         ; Untyped                ;
; OPTIMIZE_FOR_SPEED     ; 5              ; Untyped                ;
; AUTO_CARRY_CHAINS      ; ON             ; AUTO_CARRY             ;
; IGNORE_CARRY_BUFFERS   ; OFF            ; IGNORE_CARRY           ;
; AUTO_CASCADE_CHAINS    ; ON             ; AUTO_CASCADE           ;
; IGNORE_CASCADE_BUFFERS ; OFF            ; IGNORE_CASCADE         ;
+------------------------+----------------+------------------------+
Note: In order to hide this table in the UI and the text report file, please set the "Show Parameter Settings in Synthesis Report" option in "Analysis and Synthesis Settings -> More Settings" to "Off".


+------------------------------------------------------------------+
; Parameter Settings for Inferred Entity Instance: lpm_divide:Mod4 ;
+------------------------+----------------+------------------------+
; Parameter Name         ; Value          ; Type                   ;
+------------------------+----------------+------------------------+
; LPM_WIDTHN             ; 32             ; Untyped                ;
; LPM_WIDTHD             ; 32             ; Untyped                ;
; LPM_NREPRESENTATION    ; SIGNED         ; Untyped                ;
; LPM_DREPRESENTATION    ; SIGNED         ; Untyped                ;
; LPM_PIPELINE           ; 0              ; Untyped                ;
; LPM_REMAINDERPOSITIVE  ; FALSE          ; Untyped                ;
; MAXIMIZE_SPEED         ; 5              ; Untyped                ;
; CBXI_PARAMETER         ; lpm_divide_uio ; Untyped                ;
; CARRY_CHAIN            ; MANUAL         ; Untyped                ;
; OPTIMIZE_FOR_SPEED     ; 5              ; Untyped                ;
; AUTO_CARRY_CHAINS      ; ON             ; AUTO_CARRY             ;
; IGNORE_CARRY_BUFFERS   ; OFF            ; IGNORE_CARRY           ;
; AUTO_CASCADE_CHAINS    ; ON             ; AUTO_CASCADE           ;
; IGNORE_CASCADE_BUFFERS ; OFF            ; IGNORE_CASCADE         ;
+------------------------+----------------+------------------------+
Note: In order to hide this table in the UI and the text report file, please set the "Show Parameter Settings in Synthesis Report" option in "Analysis and Synthesis Settings -> More Settings" to "Off".


+------------------------------------------------------------------+
; Parameter Settings for Inferred Entity Instance: lpm_divide:Mod5 ;
+------------------------+----------------+------------------------+
; Parameter Name         ; Value          ; Type                   ;
+------------------------+----------------+------------------------+
; LPM_WIDTHN             ; 32             ; Untyped                ;
; LPM_WIDTHD             ; 32             ; Untyped                ;
; LPM_NREPRESENTATION    ; SIGNED         ; Untyped                ;
; LPM_DREPRESENTATION    ; SIGNED         ; Untyped                ;
; LPM_PIPELINE           ; 0              ; Untyped                ;
; LPM_REMAINDERPOSITIVE  ; FALSE          ; Untyped                ;
; MAXIMIZE_SPEED         ; 5              ; Untyped                ;
; CBXI_PARAMETER         ; lpm_divide_uio ; Untyped                ;
; CARRY_CHAIN            ; MANUAL         ; Untyped                ;
; OPTIMIZE_FOR_SPEED     ; 5              ; Untyped                ;
; AUTO_CARRY_CHAINS      ; ON             ; AUTO_CARRY             ;
; IGNORE_CARRY_BUFFERS   ; OFF            ; IGNORE_CARRY           ;
; AUTO_CASCADE_CHAINS    ; ON             ; AUTO_CASCADE           ;
; IGNORE_CASCADE_BUFFERS ; OFF            ; IGNORE_CASCADE         ;
+------------------------+----------------+------------------------+
Note: In order to hide this table in the UI and the text report file, please set the "Show Parameter Settings in Synthesis Report" option in "Analysis and Synthesis Settings -> More Settings" to "Off".


+-----------------------------------------------------+
; Post-Synthesis Netlist Statistics for Top Partition ;
+-----------------------+-----------------------------+
; Type                  ; Count                       ;
+-----------------------+-----------------------------+
; arriav_ff             ; 89                          ;
;     CLR SCLR          ; 33                          ;
;     ENA CLR           ; 56                          ;
; arriav_lcell_comb     ; 9576                        ;
;     arith             ; 4436                        ;
;         0 data inputs ; 360                         ;
;         1 data inputs ; 554                         ;
;         2 data inputs ; 378                         ;
;         3 data inputs ; 1536                        ;
;         4 data inputs ; 1608                        ;
;     normal            ; 5116                        ;
;         2 data inputs ; 3086                        ;
;         3 data inputs ; 295                         ;
;         4 data inputs ; 1415                        ;
;         5 data inputs ; 173                         ;
;         6 data inputs ; 147                         ;
;     shared            ; 24                          ;
;         0 data inputs ; 6                           ;
;         1 data inputs ; 18                          ;
; boundary_port         ; 44                          ;
;                       ;                             ;
; Max LUT depth         ; 99.30                       ;
; Average LUT depth     ; 91.21                       ;
+-----------------------+-----------------------------+


+-------------------------------+
; Elapsed Time Per Partition    ;
+----------------+--------------+
; Partition Name ; Elapsed Time ;
+----------------+--------------+
; Top            ; 00:00:11     ;
+----------------+--------------+


+-------------------------------+
; Analysis & Synthesis Messages ;
+-------------------------------+
Info: *******************************************************************
Info: Running Quartus Prime Analysis & Synthesis
    Info: Version 21.1.0 Build 842 10/21/2021 SJ Lite Edition
    Info: Processing started: Tue Sep 17 14:51:48 2024
Info: Command: quartus_map --read_settings_files=on --write_settings_files=off parte5 -c parte5
Warning (18236): Number of processors has not been specified which may cause overloading on shared machines.  Set the global assignment NUM_PARALLEL_PROCESSORS in your QSF to an appropriate value for best performance.
Info (20030): Parallel compilation is enabled and will use 4 of the 4 processors detected
Info (12021): Found 2 design units, including 1 entities, in source file parte5.vhd
    Info (12022): Found design unit 1: parte5-Behavioral File: C:/Users/12703069/Desktop/lab04-20240917T172558Z-001/lab04/parte5/parte5.vhd Line: 17
    Info (12023): Found entity 1: parte5 File: C:/Users/12703069/Desktop/lab04-20240917T172558Z-001/lab04/parte5/parte5.vhd Line: 4
Info (12127): Elaborating entity "parte5" for the top level hierarchy
Warning (10492): VHDL Process Statement warning at parte5.vhd(44): signal "digit_counter" is read inside the Process Statement but isn't in the Process Statement's sensitivity list File: C:/Users/12703069/Desktop/lab04-20240917T172558Z-001/lab04/parte5/parte5.vhd Line: 44
Warning (10492): VHDL Process Statement warning at parte5.vhd(45): signal "digit_counter" is read inside the Process Statement but isn't in the Process Statement's sensitivity list File: C:/Users/12703069/Desktop/lab04-20240917T172558Z-001/lab04/parte5/parte5.vhd Line: 45
Warning (10492): VHDL Process Statement warning at parte5.vhd(46): signal "digit_counter" is read inside the Process Statement but isn't in the Process Statement's sensitivity list File: C:/Users/12703069/Desktop/lab04-20240917T172558Z-001/lab04/parte5/parte5.vhd Line: 46
Warning (10492): VHDL Process Statement warning at parte5.vhd(47): signal "digit_counter" is read inside the Process Statement but isn't in the Process Statement's sensitivity list File: C:/Users/12703069/Desktop/lab04-20240917T172558Z-001/lab04/parte5/parte5.vhd Line: 47
Warning (10492): VHDL Process Statement warning at parte5.vhd(48): signal "digit_counter" is read inside the Process Statement but isn't in the Process Statement's sensitivity list File: C:/Users/12703069/Desktop/lab04-20240917T172558Z-001/lab04/parte5/parte5.vhd Line: 48
Warning (10492): VHDL Process Statement warning at parte5.vhd(49): signal "digit_counter" is read inside the Process Statement but isn't in the Process Statement's sensitivity list File: C:/Users/12703069/Desktop/lab04-20240917T172558Z-001/lab04/parte5/parte5.vhd Line: 49
Info (278001): Inferred 6 megafunctions from design logic
    Info (278004): Inferred divider/modulo megafunction ("lpm_divide") from the following logic: "Mod0" File: C:/Users/12703069/Desktop/lab04-20240917T172558Z-001/lab04/parte5/parte5.vhd Line: 63
    Info (278004): Inferred divider/modulo megafunction ("lpm_divide") from the following logic: "Mod1" File: C:/Users/12703069/Desktop/lab04-20240917T172558Z-001/lab04/parte5/parte5.vhd Line: 64
    Info (278004): Inferred divider/modulo megafunction ("lpm_divide") from the following logic: "Mod2" File: C:/Users/12703069/Desktop/lab04-20240917T172558Z-001/lab04/parte5/parte5.vhd Line: 65
    Info (278004): Inferred divider/modulo megafunction ("lpm_divide") from the following logic: "Mod3" File: C:/Users/12703069/Desktop/lab04-20240917T172558Z-001/lab04/parte5/parte5.vhd Line: 66
    Info (278004): Inferred divider/modulo megafunction ("lpm_divide") from the following logic: "Mod4" File: C:/Users/12703069/Desktop/lab04-20240917T172558Z-001/lab04/parte5/parte5.vhd Line: 67
    Info (278004): Inferred divider/modulo megafunction ("lpm_divide") from the following logic: "Mod5" File: C:/Users/12703069/Desktop/lab04-20240917T172558Z-001/lab04/parte5/parte5.vhd Line: 68
Info (12130): Elaborated megafunction instantiation "lpm_divide:Mod0" File: C:/Users/12703069/Desktop/lab04-20240917T172558Z-001/lab04/parte5/parte5.vhd Line: 63
Info (12133): Instantiated megafunction "lpm_divide:Mod0" with the following parameter: File: C:/Users/12703069/Desktop/lab04-20240917T172558Z-001/lab04/parte5/parte5.vhd Line: 63
    Info (12134): Parameter "LPM_WIDTHN" = "32"
    Info (12134): Parameter "LPM_WIDTHD" = "32"
    Info (12134): Parameter "LPM_NREPRESENTATION" = "SIGNED"
    Info (12134): Parameter "LPM_DREPRESENTATION" = "SIGNED"
    Info (12134): Parameter "LPM_HINT" = "LPM_REMAINDERPOSITIVE=FALSE"
Info (12021): Found 1 design units, including 1 entities, in source file db/lpm_divide_uio.tdf
    Info (12023): Found entity 1: lpm_divide_uio File: C:/Users/12703069/Desktop/lab04-20240917T172558Z-001/lab04/parte5/db/lpm_divide_uio.tdf Line: 25
Info (12021): Found 1 design units, including 1 entities, in source file db/abs_divider_4dg.tdf
    Info (12023): Found entity 1: abs_divider_4dg File: C:/Users/12703069/Desktop/lab04-20240917T172558Z-001/lab04/parte5/db/abs_divider_4dg.tdf Line: 27
Info (12021): Found 1 design units, including 1 entities, in source file db/alt_u_div_o2f.tdf
    Info (12023): Found entity 1: alt_u_div_o2f File: C:/Users/12703069/Desktop/lab04-20240917T172558Z-001/lab04/parte5/db/alt_u_div_o2f.tdf Line: 23
Info (12021): Found 1 design units, including 1 entities, in source file db/lpm_abs_4p9.tdf
    Info (12023): Found entity 1: lpm_abs_4p9 File: C:/Users/12703069/Desktop/lab04-20240917T172558Z-001/lab04/parte5/db/lpm_abs_4p9.tdf Line: 23
Warning (13004): Presettable and clearable registers converted to equivalent circuits with latches. Registers power-up to an undefined state, and DEVCLRn places the registers in an undefined state.
    Warning (13310): Register "seg0[0]~reg0" is converted into an equivalent circuit using register "seg0[0]~reg0_emulated" and latch "seg0[0]~1" File: C:/Users/12703069/Desktop/lab04-20240917T172558Z-001/lab04/parte5/parte5.vhd Line: 40
    Warning (13310): Register "seg0[1]~reg0" is converted into an equivalent circuit using register "seg0[1]~reg0_emulated" and latch "seg0[1]~5" File: C:/Users/12703069/Desktop/lab04-20240917T172558Z-001/lab04/parte5/parte5.vhd Line: 40
    Warning (13310): Register "seg0[2]~reg0" is converted into an equivalent circuit using register "seg0[2]~reg0_emulated" and latch "seg0[1]~5" File: C:/Users/12703069/Desktop/lab04-20240917T172558Z-001/lab04/parte5/parte5.vhd Line: 40
    Warning (13310): Register "seg0[3]~reg0" is converted into an equivalent circuit using register "seg0[3]~reg0_emulated" and latch "seg0[3]~11" File: C:/Users/12703069/Desktop/lab04-20240917T172558Z-001/lab04/parte5/parte5.vhd Line: 40
    Warning (13310): Register "seg0[4]~reg0" is converted into an equivalent circuit using register "seg0[4]~reg0_emulated" and latch "seg0[3]~11" File: C:/Users/12703069/Desktop/lab04-20240917T172558Z-001/lab04/parte5/parte5.vhd Line: 40
    Warning (13310): Register "seg0[5]~reg0" is converted into an equivalent circuit using register "seg0[5]~reg0_emulated" and latch "seg0[0]~1" File: C:/Users/12703069/Desktop/lab04-20240917T172558Z-001/lab04/parte5/parte5.vhd Line: 40
    Warning (13310): Register "seg0[6]~reg0" is converted into an equivalent circuit using register "seg0[6]~reg0_emulated" and latch "seg0[6]~19" File: C:/Users/12703069/Desktop/lab04-20240917T172558Z-001/lab04/parte5/parte5.vhd Line: 40
    Warning (13310): Register "seg1[0]~reg0" is converted into an equivalent circuit using register "seg1[0]~reg0_emulated" and latch "seg1[0]~1" File: C:/Users/12703069/Desktop/lab04-20240917T172558Z-001/lab04/parte5/parte5.vhd Line: 40
    Warning (13310): Register "seg1[1]~reg0" is converted into an equivalent circuit using register "seg1[1]~reg0_emulated" and latch "seg1[1]~5" File: C:/Users/12703069/Desktop/lab04-20240917T172558Z-001/lab04/parte5/parte5.vhd Line: 40
    Warning (13310): Register "seg1[2]~reg0" is converted into an equivalent circuit using register "seg1[2]~reg0_emulated" and latch "seg1[1]~5" File: C:/Users/12703069/Desktop/lab04-20240917T172558Z-001/lab04/parte5/parte5.vhd Line: 40
    Warning (13310): Register "seg1[3]~reg0" is converted into an equivalent circuit using register "seg1[3]~reg0_emulated" and latch "seg1[3]~11" File: C:/Users/12703069/Desktop/lab04-20240917T172558Z-001/lab04/parte5/parte5.vhd Line: 40
    Warning (13310): Register "seg1[4]~reg0" is converted into an equivalent circuit using register "seg1[4]~reg0_emulated" and latch "seg1[3]~11" File: C:/Users/12703069/Desktop/lab04-20240917T172558Z-001/lab04/parte5/parte5.vhd Line: 40
    Warning (13310): Register "seg1[5]~reg0" is converted into an equivalent circuit using register "seg1[5]~reg0_emulated" and latch "seg1[0]~1" File: C:/Users/12703069/Desktop/lab04-20240917T172558Z-001/lab04/parte5/parte5.vhd Line: 40
    Warning (13310): Register "seg1[6]~reg0" is converted into an equivalent circuit using register "seg1[6]~reg0_emulated" and latch "seg1[6]~19" File: C:/Users/12703069/Desktop/lab04-20240917T172558Z-001/lab04/parte5/parte5.vhd Line: 40
    Warning (13310): Register "seg2[0]~reg0" is converted into an equivalent circuit using register "seg2[0]~reg0_emulated" and latch "seg2[0]~1" File: C:/Users/12703069/Desktop/lab04-20240917T172558Z-001/lab04/parte5/parte5.vhd Line: 40
    Warning (13310): Register "seg2[1]~reg0" is converted into an equivalent circuit using register "seg2[1]~reg0_emulated" and latch "seg2[1]~5" File: C:/Users/12703069/Desktop/lab04-20240917T172558Z-001/lab04/parte5/parte5.vhd Line: 40
    Warning (13310): Register "seg2[2]~reg0" is converted into an equivalent circuit using register "seg2[2]~reg0_emulated" and latch "seg2[1]~5" File: C:/Users/12703069/Desktop/lab04-20240917T172558Z-001/lab04/parte5/parte5.vhd Line: 40
    Warning (13310): Register "seg2[3]~reg0" is converted into an equivalent circuit using register "seg2[3]~reg0_emulated" and latch "seg2[3]~11" File: C:/Users/12703069/Desktop/lab04-20240917T172558Z-001/lab04/parte5/parte5.vhd Line: 40
    Warning (13310): Register "seg2[4]~reg0" is converted into an equivalent circuit using register "seg2[4]~reg0_emulated" and latch "seg2[3]~11" File: C:/Users/12703069/Desktop/lab04-20240917T172558Z-001/lab04/parte5/parte5.vhd Line: 40
    Warning (13310): Register "seg2[5]~reg0" is converted into an equivalent circuit using register "seg2[5]~reg0_emulated" and latch "seg2[0]~1" File: C:/Users/12703069/Desktop/lab04-20240917T172558Z-001/lab04/parte5/parte5.vhd Line: 40
    Warning (13310): Register "seg2[6]~reg0" is converted into an equivalent circuit using register "seg2[6]~reg0_emulated" and latch "seg2[6]~19" File: C:/Users/12703069/Desktop/lab04-20240917T172558Z-001/lab04/parte5/parte5.vhd Line: 40
    Warning (13310): Register "seg3[0]~reg0" is converted into an equivalent circuit using register "seg3[0]~reg0_emulated" and latch "seg3[0]~1" File: C:/Users/12703069/Desktop/lab04-20240917T172558Z-001/lab04/parte5/parte5.vhd Line: 40
    Warning (13310): Register "seg3[1]~reg0" is converted into an equivalent circuit using register "seg3[1]~reg0_emulated" and latch "seg3[1]~5" File: C:/Users/12703069/Desktop/lab04-20240917T172558Z-001/lab04/parte5/parte5.vhd Line: 40
    Warning (13310): Register "seg3[2]~reg0" is converted into an equivalent circuit using register "seg3[2]~reg0_emulated" and latch "seg3[1]~5" File: C:/Users/12703069/Desktop/lab04-20240917T172558Z-001/lab04/parte5/parte5.vhd Line: 40
    Warning (13310): Register "seg3[3]~reg0" is converted into an equivalent circuit using register "seg3[3]~reg0_emulated" and latch "seg3[3]~11" File: C:/Users/12703069/Desktop/lab04-20240917T172558Z-001/lab04/parte5/parte5.vhd Line: 40
    Warning (13310): Register "seg3[4]~reg0" is converted into an equivalent circuit using register "seg3[4]~reg0_emulated" and latch "seg3[3]~11" File: C:/Users/12703069/Desktop/lab04-20240917T172558Z-001/lab04/parte5/parte5.vhd Line: 40
    Warning (13310): Register "seg3[5]~reg0" is converted into an equivalent circuit using register "seg3[5]~reg0_emulated" and latch "seg3[0]~1" File: C:/Users/12703069/Desktop/lab04-20240917T172558Z-001/lab04/parte5/parte5.vhd Line: 40
    Warning (13310): Register "seg3[6]~reg0" is converted into an equivalent circuit using register "seg3[6]~reg0_emulated" and latch "seg3[6]~19" File: C:/Users/12703069/Desktop/lab04-20240917T172558Z-001/lab04/parte5/parte5.vhd Line: 40
    Warning (13310): Register "seg4[0]~reg0" is converted into an equivalent circuit using register "seg4[0]~reg0_emulated" and latch "seg4[0]~1" File: C:/Users/12703069/Desktop/lab04-20240917T172558Z-001/lab04/parte5/parte5.vhd Line: 40
    Warning (13310): Register "seg4[1]~reg0" is converted into an equivalent circuit using register "seg4[1]~reg0_emulated" and latch "seg4[1]~5" File: C:/Users/12703069/Desktop/lab04-20240917T172558Z-001/lab04/parte5/parte5.vhd Line: 40
    Warning (13310): Register "seg4[2]~reg0" is converted into an equivalent circuit using register "seg4[2]~reg0_emulated" and latch "seg4[1]~5" File: C:/Users/12703069/Desktop/lab04-20240917T172558Z-001/lab04/parte5/parte5.vhd Line: 40
    Warning (13310): Register "seg4[3]~reg0" is converted into an equivalent circuit using register "seg4[3]~reg0_emulated" and latch "seg4[3]~11" File: C:/Users/12703069/Desktop/lab04-20240917T172558Z-001/lab04/parte5/parte5.vhd Line: 40
    Warning (13310): Register "seg4[4]~reg0" is converted into an equivalent circuit using register "seg4[4]~reg0_emulated" and latch "seg4[3]~11" File: C:/Users/12703069/Desktop/lab04-20240917T172558Z-001/lab04/parte5/parte5.vhd Line: 40
    Warning (13310): Register "seg4[5]~reg0" is converted into an equivalent circuit using register "seg4[5]~reg0_emulated" and latch "seg4[0]~1" File: C:/Users/12703069/Desktop/lab04-20240917T172558Z-001/lab04/parte5/parte5.vhd Line: 40
    Warning (13310): Register "seg4[6]~reg0" is converted into an equivalent circuit using register "seg4[6]~reg0_emulated" and latch "seg4[6]~19" File: C:/Users/12703069/Desktop/lab04-20240917T172558Z-001/lab04/parte5/parte5.vhd Line: 40
    Warning (13310): Register "seg5[0]~reg0" is converted into an equivalent circuit using register "seg5[0]~reg0_emulated" and latch "seg5[0]~1" File: C:/Users/12703069/Desktop/lab04-20240917T172558Z-001/lab04/parte5/parte5.vhd Line: 40
    Warning (13310): Register "seg5[1]~reg0" is converted into an equivalent circuit using register "seg5[1]~reg0_emulated" and latch "seg5[1]~5" File: C:/Users/12703069/Desktop/lab04-20240917T172558Z-001/lab04/parte5/parte5.vhd Line: 40
    Warning (13310): Register "seg5[2]~reg0" is converted into an equivalent circuit using register "seg5[2]~reg0_emulated" and latch "seg5[1]~5" File: C:/Users/12703069/Desktop/lab04-20240917T172558Z-001/lab04/parte5/parte5.vhd Line: 40
    Warning (13310): Register "seg5[3]~reg0" is converted into an equivalent circuit using register "seg5[3]~reg0_emulated" and latch "seg5[3]~11" File: C:/Users/12703069/Desktop/lab04-20240917T172558Z-001/lab04/parte5/parte5.vhd Line: 40
    Warning (13310): Register "seg5[4]~reg0" is converted into an equivalent circuit using register "seg5[4]~reg0_emulated" and latch "seg5[3]~11" File: C:/Users/12703069/Desktop/lab04-20240917T172558Z-001/lab04/parte5/parte5.vhd Line: 40
    Warning (13310): Register "seg5[5]~reg0" is converted into an equivalent circuit using register "seg5[5]~reg0_emulated" and latch "seg5[0]~1" File: C:/Users/12703069/Desktop/lab04-20240917T172558Z-001/lab04/parte5/parte5.vhd Line: 40
    Warning (13310): Register "seg5[6]~reg0" is converted into an equivalent circuit using register "seg5[6]~reg0_emulated" and latch "seg5[6]~19" File: C:/Users/12703069/Desktop/lab04-20240917T172558Z-001/lab04/parte5/parte5.vhd Line: 40
Info (286030): Timing-Driven Synthesis is running
Info (16010): Generating hard_block partition "hard_block:auto_generated_inst"
    Info (16011): Adding 0 node(s), including 0 DDIO, 0 PLL, 0 transceiver and 0 LCELL
Info (21057): Implemented 9652 device resources after synthesis - the final resource count might be different
    Info (21058): Implemented 2 input pins
    Info (21059): Implemented 42 output pins
    Info (21061): Implemented 9608 logic cells
Info: Quartus Prime Analysis & Synthesis was successful. 0 errors, 50 warnings
    Info: Peak virtual memory: 4937 megabytes
    Info: Processing ended: Tue Sep 17 14:52:10 2024
    Info: Elapsed time: 00:00:22
    Info: Total CPU time (on all processors): 00:00:31


